<?xml version="1.0" encoding="UTF-8"?>
<testng-results skipped="0" failed="0" ignored="0" total="1" passed="1">
  <reporter-output>
  </reporter-output>
  <suite name="Default suite" duration-ms="2937" started-at="2019-02-01T07:56:47Z" finished-at="2019-02-01T07:56:50Z">
    <groups>
    </groups>
    <test name="Default test" duration-ms="2937" started-at="2019-02-01T07:56:47Z" finished-at="2019-02-01T07:56:50Z">
      <class name="test.twitter.api.automation.DeleteTweets">
        <test-method status="PASS" signature="DeleteTweet()[pri:0, instance:test.twitter.api.automation.DeleteTweets@59f99ea]" name="DeleteTweet" duration-ms="2918" started-at="2019-02-01T07:56:47Z" finished-at="2019-02-01T07:56:50Z">
          <reporter-output>
          </reporter-output>
        </test-method> <!-- DeleteTweet -->
      </class> <!-- test.twitter.api.automation.DeleteTweets -->
    </test> <!-- Default test -->
  </suite> <!-- Default suite -->
</testng-results>
